<?xml version="1.0" encoding="UTF-8"?>
<testng-results skipped="0" failed="0" total="0" passed="0">
  <reporter-output>
  </reporter-output>
  <suite name="Command line suite" duration-ms="3" started-at="2019-10-14T04:56:33Z" finished-at="2019-10-14T04:56:33Z">
    <groups>
    </groups>
    <test name="Command line test" duration-ms="3" started-at="2019-10-14T04:56:33Z" finished-at="2019-10-14T04:56:33Z">
      <class name="base.TestBase">
        <test-method status="PASS" signature="setUp()[pri:0, instance:base.TestBase@1d2adfbe]" name="setUp" is-config="true" duration-ms="17292" started-at="2019-10-14T10:26:16Z" finished-at="2019-10-14T10:26:33Z">
          <reporter-output>
          </reporter-output>
        </test-method> <!-- setUp -->
        <test-method status="PASS" signature="tearDown()[pri:0, instance:base.TestBase@1d2adfbe]" name="tearDown" is-config="true" duration-ms="12122" started-at="2019-10-14T10:26:33Z" finished-at="2019-10-14T10:26:45Z">
          <reporter-output>
          </reporter-output>
        </test-method> <!-- tearDown -->
      </class> <!-- base.TestBase -->
    </test> <!-- Command line test -->
  </suite> <!-- Command line suite -->
</testng-results>
